<?xml version="1.0" encoding="UTF-8"?>
<testsuite xmlns:xsi="http://www.w3.org/2001/XMLSchema-instance" xsi:noNamespaceSchemaLocation="https://maven.apache.org/surefire/maven-surefire-plugin/xsd/surefire-test-report.xsd" name="KinesisServiceIntegrationTest" time="67.594" tests="6" errors="0" skipped="0" failures="0">
  <properties>
[...]
</properties>
  <testcase name="whenInitializingKinesisService_thenNotNull" classname="KinesisServiceIntegrationTest" time="0.007"/>
  <testcase name="CreateDataStream" classname="KinesisServiceIntegrationTest" time="0.427"/>
  <testcase name="DescribeLimits" classname="KinesisServiceIntegrationTest" time="0.032"/>
  <testcase name="ListShards" classname="KinesisServiceIntegrationTest" time="60.158"/>
  <testcase name="putRecords" classname="KinesisServiceIntegrationTest" time="6.473"/>
  <testcase name="GetRecords" classname="KinesisServiceIntegrationTest" time="0.144"/>
</testsuite>